2025-07-10 01:30:20.159957: BB: Extreme fear detected - potential bounce
2025-07-10 01:35:26.274746: BB: Extreme fear detected - potential bounce
2025-07-10 01:40:31.415214: BB: Extreme fear detected - potential bounce
2025-07-10 01:45:36.267774: BB: Extreme fear detected - potential bounce
2025-07-10 01:50:42.330856: BB: Extreme fear detected - potential bounce
2025-07-10 02:13:24.170594: BB: Extreme fear detected - potential bounce
2025-07-10 02:18:45.326566: BB: Extreme fear detected - potential bounce
2025-07-10 02:37:01.677665: BB: Extreme fear detected - potential bounce
2025-07-10 02:42:33.860022: ANET: Extreme fear detected - potential bounce
2025-07-10 02:42:36.865436: AMD: Extreme fear detected - potential bounce
2025-07-10 02:47:44.707027: ANET: Extreme fear detected - potential bounce
2025-07-10 02:47:47.944720: AMD: Extreme fear detected - potential bounce
2025-07-10 02:52:55.724256: ANET: Extreme fear detected - potential bounce
2025-07-10 02:52:59.022165: AMD: Extreme fear detected - potential bounce
2025-07-10 02:58:06.663517: ANET: Extreme fear detected - potential bounce
2025-07-10 02:58:09.626782: AMD: Extreme fear detected - potential bounce
2025-07-10 03:03:16.743250: ANET: Extreme fear detected - potential bounce
2025-07-10 03:03:19.876842: AMD: Extreme fear detected - potential bounce
2025-07-10 03:08:27.613938: ANET: Extreme fear detected - potential bounce
2025-07-10 03:08:30.861239: AMD: Extreme fear detected - potential bounce
2025-07-10 03:13:37.639731: ANET: Extreme fear detected - potential bounce
2025-07-10 03:13:40.494855: AMD: Extreme fear detected - potential bounce
2025-07-10 03:18:47.964618: ANET: Extreme fear detected - potential bounce
2025-07-10 03:18:50.962701: AMD: Extreme fear detected - potential bounce
2025-07-10 03:35:26.311854: ANET: Extreme fear detected - potential bounce
2025-07-10 03:35:28.906690: AMD: Extreme fear detected - potential bounce
2025-07-10 03:40:50.887891: ANET: Extreme fear detected - potential bounce
2025-07-10 03:40:53.690332: AMD: Extreme fear detected - potential bounce
2025-07-10 03:59:33.179681: ANET: Extreme fear detected - potential bounce
2025-07-10 03:59:36.365996: AMD: Extreme fear detected - potential bounce
2025-07-10 04:04:44.157168: ANET: Extreme fear detected - potential bounce
2025-07-10 04:04:47.668863: AMD: Extreme fear detected - potential bounce
2025-07-10 04:09:55.774450: ANET: Extreme fear detected - potential bounce
2025-07-10 04:09:58.837044: AMD: Extreme fear detected - potential bounce
2025-07-10 04:15:05.682329: ANET: Extreme fear detected - potential bounce
2025-07-10 04:15:08.286129: AMD: Extreme fear detected - potential bounce
2025-07-10 04:20:15.818747: ANET: Extreme fear detected - potential bounce
2025-07-10 04:20:18.412784: AMD: Extreme fear detected - potential bounce
2025-07-10 04:25:25.223825: ANET: Extreme fear detected - potential bounce
2025-07-10 04:25:28.232294: AMD: Extreme fear detected - potential bounce
2025-07-10 04:30:36.463386: ANET: Extreme fear detected - potential bounce
2025-07-10 04:30:39.292116: AMD: Extreme fear detected - potential bounce
2025-07-10 04:35:46.542126: ANET: Extreme fear detected - potential bounce
2025-07-10 04:35:49.285748: AMD: Extreme fear detected - potential bounce
2025-07-10 04:41:10.686735: ANET: Extreme fear detected - potential bounce
2025-07-10 04:41:13.884334: AMD: Extreme fear detected - potential bounce
2025-07-10 04:46:21.254746: ANET: Extreme fear detected - potential bounce
2025-07-10 04:46:25.767672: AMD: Extreme fear detected - potential bounce
2025-07-10 04:51:33.837790: ANET: Extreme fear detected - potential bounce
2025-07-10 04:51:36.869204: AMD: Extreme fear detected - potential bounce
2025-07-10 04:56:44.723646: ANET: Extreme fear detected - potential bounce
2025-07-10 04:56:48.665635: AMD: Extreme fear detected - potential bounce
2025-07-10 05:14:51.959791: ANET: Extreme fear detected - potential bounce
2025-07-10 05:14:55.409034: AMD: Extreme fear detected - potential bounce
2025-07-10 05:20:03.515409: ANET: Extreme fear detected - potential bounce
2025-07-10 05:20:06.140635: AMD: Extreme fear detected - potential bounce
2025-07-10 05:25:13.290718: ANET: Extreme fear detected - potential bounce
2025-07-10 05:25:19.047421: AMD: Extreme fear detected - potential bounce
2025-07-10 05:30:28.866337: ANET: Extreme fear detected - potential bounce
2025-07-10 05:30:32.372209: AMD: Extreme fear detected - potential bounce
2025-07-10 05:35:40.042469: ANET: Extreme fear detected - potential bounce
2025-07-10 05:35:42.741588: AMD: Extreme fear detected - potential bounce
2025-07-10 05:41:08.957678: ANET: Extreme fear detected - potential bounce
2025-07-10 05:41:12.926102: AMD: Extreme fear detected - potential bounce
2025-07-10 05:46:20.653996: ANET: Extreme fear detected - potential bounce
2025-07-10 05:46:24.199841: AMD: Extreme fear detected - potential bounce
2025-07-10 05:51:32.009827: ANET: Extreme fear detected - potential bounce
2025-07-10 05:51:34.871985: AMD: Extreme fear detected - potential bounce
2025-07-10 05:56:42.351617: ANET: Extreme fear detected - potential bounce
2025-07-10 05:56:45.449375: AMD: Extreme fear detected - potential bounce
2025-07-10 06:01:52.979802: ANET: Extreme fear detected - potential bounce
2025-07-10 06:01:56.426548: AMD: Extreme fear detected - potential bounce
2025-07-10 06:07:04.162060: ANET: Extreme fear detected - potential bounce
2025-07-10 06:07:06.952394: AMD: Extreme fear detected - potential bounce
2025-07-10 06:12:14.216808: ANET: Extreme fear detected - potential bounce
2025-07-10 06:12:17.552851: AMD: Extreme fear detected - potential bounce
2025-07-10 06:17:24.833255: ANET: Extreme fear detected - potential bounce
2025-07-10 06:17:27.751079: AMD: Extreme fear detected - potential bounce
2025-07-10 06:22:35.854178: ANET: Extreme fear detected - potential bounce
2025-07-10 06:22:38.961333: AMD: Extreme fear detected - potential bounce
2025-07-10 06:27:46.375565: ANET: Extreme fear detected - potential bounce
2025-07-10 06:27:49.431024: AMD: Extreme fear detected - potential bounce
2025-07-10 06:32:57.736998: ANET: Extreme fear detected - potential bounce
2025-07-10 06:33:00.781357: AMD: Extreme fear detected - potential bounce
2025-07-10 06:38:09.724088: ANET: Extreme fear detected - potential bounce
2025-07-10 06:38:13.256493: AMD: Extreme fear detected - potential bounce
2025-07-10 06:43:39.738753: ANET: Extreme fear detected - potential bounce
2025-07-10 06:43:42.862371: AMD: Extreme fear detected - potential bounce
2025-07-10 06:48:50.430210: ANET: Extreme fear detected - potential bounce
2025-07-10 06:48:53.714379: AMD: Extreme fear detected - potential bounce
2025-07-10 06:54:01.457801: ANET: Extreme fear detected - potential bounce
2025-07-10 06:54:04.693592: AMD: Extreme fear detected - potential bounce
2025-07-10 06:59:12.945494: ANET: Extreme fear detected - potential bounce
2025-07-10 06:59:16.688685: AMD: Extreme fear detected - potential bounce
2025-07-10 07:04:25.142310: ANET: Extreme fear detected - potential bounce
2025-07-10 07:04:28.009283: AMD: Extreme fear detected - potential bounce
2025-07-10 07:09:37.218244: ANET: Extreme fear detected - potential bounce
2025-07-10 07:09:40.910758: AMD: Extreme fear detected - potential bounce
2025-07-10 07:14:49.331919: ANET: Extreme fear detected - potential bounce
2025-07-10 07:14:52.800240: AMD: Extreme fear detected - potential bounce
2025-07-10 07:20:00.965928: ANET: Extreme fear detected - potential bounce
2025-07-10 07:20:04.321044: AMD: Extreme fear detected - potential bounce
2025-07-10 07:25:12.926265: ANET: Extreme fear detected - potential bounce
2025-07-10 07:25:23.832863: AMD: Extreme fear detected - potential bounce
2025-07-10 07:30:32.674095: ANET: Extreme fear detected - potential bounce
2025-07-10 07:30:36.245151: AMD: Extreme fear detected - potential bounce
2025-07-10 07:35:44.698400: ANET: Extreme fear detected - potential bounce
2025-07-10 07:35:48.078606: AMD: Extreme fear detected - potential bounce
2025-07-10 07:41:10.818362: ANET: Extreme fear detected - potential bounce
2025-07-10 07:41:14.208199: AMD: Extreme fear detected - potential bounce
2025-07-10 07:46:21.682728: ANET: Extreme fear detected - potential bounce
2025-07-10 07:46:24.326851: AMD: Extreme fear detected - potential bounce
2025-07-10 07:51:32.330324: ANET: Extreme fear detected - potential bounce
2025-07-10 07:51:35.459895: AMD: Extreme fear detected - potential bounce
2025-07-10 07:56:44.144492: ANET: Extreme fear detected - potential bounce
2025-07-10 07:56:47.426943: AMD: Extreme fear detected - potential bounce
2025-07-10 08:01:55.127898: ANET: Extreme fear detected - potential bounce
2025-07-10 08:01:58.424082: AMD: Extreme fear detected - potential bounce
2025-07-10 08:07:07.399728: ANET: Extreme fear detected - potential bounce
2025-07-10 08:07:10.494231: AMD: Extreme fear detected - potential bounce
2025-07-10 08:12:18.389503: ANET: Extreme fear detected - potential bounce
2025-07-10 08:12:21.605027: AMD: Extreme fear detected - potential bounce
2025-07-10 08:17:29.894919: ANET: Extreme fear detected - potential bounce
2025-07-10 08:17:33.063178: AMD: Extreme fear detected - potential bounce
2025-07-10 08:22:42.818382: ANET: Extreme fear detected - potential bounce
2025-07-10 08:22:46.486979: AMD: Extreme fear detected - potential bounce
2025-07-10 08:27:54.906538: ANET: Extreme fear detected - potential bounce
2025-07-10 08:27:58.903345: AMD: Extreme fear detected - potential bounce
2025-07-10 08:33:07.113300: ANET: Extreme fear detected - potential bounce
2025-07-10 08:33:10.270735: AMD: Extreme fear detected - potential bounce
2025-07-10 08:38:19.258697: ANET: Extreme fear detected - potential bounce
2025-07-10 08:38:22.993136: AMD: Extreme fear detected - potential bounce
2025-07-10 08:43:46.567081: ANET: Extreme fear detected - potential bounce
2025-07-10 08:43:49.681705: AMD: Extreme fear detected - potential bounce
2025-07-10 08:49:01.522933: ANET: Extreme fear detected - potential bounce
2025-07-10 08:49:05.390557: AMD: Extreme fear detected - potential bounce
2025-07-10 08:54:13.713142: ANET: Extreme fear detected - potential bounce
2025-07-10 08:54:16.952486: AMD: Extreme fear detected - potential bounce
2025-07-10 08:59:25.539332: ANET: Extreme fear detected - potential bounce
2025-07-10 08:59:28.378420: AMD: Extreme fear detected - potential bounce
2025-07-10 09:04:36.694360: ANET: Extreme fear detected - potential bounce
2025-07-10 09:04:40.017095: AMD: Extreme fear detected - potential bounce
2025-07-10 09:09:48.598264: ANET: Extreme fear detected - potential bounce
2025-07-10 09:09:51.789454: AMD: Extreme fear detected - potential bounce
2025-07-10 09:15:00.099572: ANET: Extreme fear detected - potential bounce
2025-07-10 09:15:03.664414: AMD: Extreme fear detected - potential bounce
2025-07-10 09:20:12.929815: ANET: Extreme fear detected - potential bounce
2025-07-10 09:20:16.696975: AMD: Extreme fear detected - potential bounce
2025-07-10 09:25:25.979888: ANET: Extreme fear detected - potential bounce
2025-07-10 09:25:29.176093: AMD: Extreme fear detected - potential bounce
2025-07-10 11:19:52.845494: AES: Extreme fear detected - potential bounce
2025-07-10 11:19:57.019126: AXON: Extreme fear detected - potential bounce
2025-07-10 12:06:33.781892: BA: Extreme fear detected - potential bounce
2025-07-10 12:20:50.970343: AES: Extreme fear detected - potential bounce
2025-07-10 12:20:51.206655: ADSK: Extreme fear detected - potential bounce
2025-07-10 12:20:51.646343: ACN: Extreme fear detected - potential bounce
2025-07-10 12:20:51.826185: CNC: Extreme fear detected - potential bounce
2025-07-10 12:20:53.764937: AAPL: Extreme fear detected - potential bounce
2025-07-10 12:20:54.145557: AXON: Extreme fear detected - potential bounce
2025-07-10 12:20:54.333286: BLDR: Extreme fear detected - potential bounce
2025-07-10 12:20:54.704996: APTV: Extreme fear detected - potential bounce
2025-07-10 12:20:55.756001: CRL: Extreme fear detected - potential bounce
2025-07-10 12:20:55.956471: TECH: Extreme fear detected - potential bounce
2025-07-10 12:20:56.328483: BF-B: Extreme fear detected - potential bounce
2025-07-10 12:20:56.679540: CF: Extreme fear detected - potential bounce
2025-07-10 12:20:56.879365: CHTR: Extreme fear detected - potential bounce
2025-07-10 12:20:57.244790: BAX: Extreme fear detected - potential bounce
2025-07-10 13:00:40.869774: CZR: Extreme fear detected - potential bounce
2025-07-10 13:00:42.845459: AES: Extreme fear detected - potential bounce
2025-07-10 13:06:49.247592: APTV: Extreme fear detected - potential bounce
2025-07-10 13:06:50.918770: CRL: Extreme fear detected - potential bounce
2025-07-10 13:06:51.305287: TSLA: Extreme fear detected - potential bounce
2025-07-10 13:21:52.766004: BAX: Extreme fear detected - potential bounce
2025-07-10 14:39:23.020776: KMX: Extreme fear detected - potential bounce
2025-07-10 16:11:59.619132: BBY: Extreme fear detected - potential bounce
2025-07-10 16:12:00.861910: AES: Extreme fear detected - potential bounce
2025-07-10 16:12:01.122246: ADSK: Extreme fear detected - potential bounce
2025-07-10 16:12:01.725203: ACN: Extreme fear detected - potential bounce
2025-07-10 16:24:51.676811: AXON: Extreme fear detected - potential bounce
2025-07-10 16:24:53.355072: TECH: Extreme fear detected - potential bounce
2025-07-10 16:24:53.796253: BF-B: Extreme fear detected - potential bounce
2025-07-10 16:24:54.378102: CHTR: Extreme fear detected - potential bounce
2025-07-10 16:51:50.829735: BBY: Extreme fear detected - potential bounce
2025-07-10 17:02:24.836462: AES: Extreme fear detected - potential bounce
2025-07-10 17:02:25.241062: ADSK: Extreme fear detected - potential bounce
2025-07-10 17:02:26.040618: ACN: Extreme fear detected - potential bounce
2025-07-10 17:02:29.196297: AXON: Extreme fear detected - potential bounce
2025-07-10 17:02:31.733134: TECH: Extreme fear detected - potential bounce
2025-07-10 17:02:32.319943: BF-B: Extreme fear detected - potential bounce
2025-07-10 17:02:33.134254: CHTR: Extreme fear detected - potential bounce
2025-07-10 17:07:35.954093: BBY: Extreme fear detected - potential bounce
2025-07-10 17:07:37.308200: AES: Extreme fear detected - potential bounce
2025-07-10 17:07:37.522146: ADSK: Extreme fear detected - potential bounce
2025-07-10 17:07:37.898850: ACN: Extreme fear detected - potential bounce
2025-07-10 17:07:40.634342: AXON: Extreme fear detected - potential bounce
2025-07-10 17:07:42.838702: TECH: Extreme fear detected - potential bounce
2025-07-10 17:07:43.330643: BF-B: Extreme fear detected - potential bounce
2025-07-10 17:07:44.067310: CHTR: Extreme fear detected - potential bounce
2025-07-10 17:13:01.950115: BBY: Extreme fear detected - potential bounce
2025-07-10 17:13:03.352105: AES: Extreme fear detected - potential bounce
2025-07-10 17:13:03.607250: ADSK: Extreme fear detected - potential bounce
2025-07-10 17:13:04.053668: ACN: Extreme fear detected - potential bounce
2025-07-10 17:13:07.099719: AXON: Extreme fear detected - potential bounce
2025-07-10 17:13:09.447625: TECH: Extreme fear detected - potential bounce
2025-07-10 17:13:09.847643: BF-B: Extreme fear detected - potential bounce
2025-07-10 17:13:10.655195: CHTR: Extreme fear detected - potential bounce
2025-07-10 17:18:13.456530: BBY: Extreme fear detected - potential bounce
2025-07-10 17:18:14.962699: AES: Extreme fear detected - potential bounce
2025-07-10 17:18:15.252596: ADSK: Extreme fear detected - potential bounce
2025-07-10 17:18:15.824550: ACN: Extreme fear detected - potential bounce
2025-07-10 17:18:18.844017: AXON: Extreme fear detected - potential bounce
2025-07-10 17:18:21.331711: TECH: Extreme fear detected - potential bounce
2025-07-10 17:18:21.870963: BF-B: Extreme fear detected - potential bounce
2025-07-10 17:18:22.707842: CHTR: Extreme fear detected - potential bounce
2025-07-10 17:23:26.153944: BBY: Extreme fear detected - potential bounce
2025-07-10 17:23:27.549305: AES: Extreme fear detected - potential bounce
2025-07-10 17:23:27.790640: ADSK: Extreme fear detected - potential bounce
2025-07-10 17:23:28.259510: ACN: Extreme fear detected - potential bounce
2025-07-10 17:23:31.220665: AXON: Extreme fear detected - potential bounce
2025-07-10 17:23:33.523882: TECH: Extreme fear detected - potential bounce
2025-07-10 17:23:34.106479: BF-B: Extreme fear detected - potential bounce
2025-07-10 17:23:34.815539: CHTR: Extreme fear detected - potential bounce
2025-07-10 17:28:37.682776: BBY: Extreme fear detected - potential bounce
2025-07-10 17:28:39.147593: AES: Extreme fear detected - potential bounce
2025-07-10 17:28:39.374104: ADSK: Extreme fear detected - potential bounce
2025-07-10 17:28:39.909413: ACN: Extreme fear detected - potential bounce
2025-07-10 17:28:43.117185: AXON: Extreme fear detected - potential bounce
2025-07-10 17:28:45.213084: TECH: Extreme fear detected - potential bounce
2025-07-10 17:28:45.736737: BF-B: Extreme fear detected - potential bounce
2025-07-10 17:28:46.470026: CHTR: Extreme fear detected - potential bounce
2025-07-10 17:33:52.050421: BBY: Extreme fear detected - potential bounce
2025-07-10 17:33:53.205863: AES: Extreme fear detected - potential bounce
2025-07-10 17:33:53.427045: ADSK: Extreme fear detected - potential bounce
2025-07-10 17:33:53.893085: ACN: Extreme fear detected - potential bounce
2025-07-10 17:33:56.910281: AXON: Extreme fear detected - potential bounce
2025-07-10 17:33:59.106149: TECH: Extreme fear detected - potential bounce
2025-07-10 17:33:59.614546: BF-B: Extreme fear detected - potential bounce
2025-07-10 17:34:00.310964: CHTR: Extreme fear detected - potential bounce
2025-07-10 17:39:02.861646: BBY: Extreme fear detected - potential bounce
2025-07-10 17:39:04.708543: AES: Extreme fear detected - potential bounce
2025-07-10 17:39:04.975502: ADSK: Extreme fear detected - potential bounce
2025-07-10 17:39:05.512939: ACN: Extreme fear detected - potential bounce
2025-07-10 17:39:08.463666: AXON: Extreme fear detected - potential bounce
2025-07-10 17:39:11.176184: TECH: Extreme fear detected - potential bounce
2025-07-10 17:39:11.675042: BF-B: Extreme fear detected - potential bounce
2025-07-10 17:39:12.417449: CHTR: Extreme fear detected - potential bounce
2025-07-10 17:44:15.374288: BBY: Extreme fear detected - potential bounce
2025-07-10 17:44:16.903792: AES: Extreme fear detected - potential bounce
2025-07-10 17:44:17.246068: ADSK: Extreme fear detected - potential bounce
2025-07-10 17:44:17.805911: ACN: Extreme fear detected - potential bounce
2025-07-10 17:44:20.906209: AXON: Extreme fear detected - potential bounce
2025-07-10 17:44:23.072656: TECH: Extreme fear detected - potential bounce
2025-07-10 17:44:23.566849: BF-B: Extreme fear detected - potential bounce
2025-07-10 17:44:24.360759: CHTR: Extreme fear detected - potential bounce
2025-07-10 17:49:27.102949: BBY: Extreme fear detected - potential bounce
2025-07-10 17:49:28.417104: AES: Extreme fear detected - potential bounce
2025-07-10 17:49:28.695499: ADSK: Extreme fear detected - potential bounce
2025-07-10 17:49:29.171271: ACN: Extreme fear detected - potential bounce
2025-07-10 17:49:32.381130: AXON: Extreme fear detected - potential bounce
2025-07-10 17:49:34.851428: TECH: Extreme fear detected - potential bounce
2025-07-10 17:49:35.293656: BF-B: Extreme fear detected - potential bounce
2025-07-10 17:49:36.224692: CHTR: Extreme fear detected - potential bounce
2025-07-10 17:56:10.813078: BBY: Extreme fear detected - potential bounce
2025-07-10 17:56:12.343878: AES: Extreme fear detected - potential bounce
2025-07-10 17:56:12.800598: ADSK: Extreme fear detected - potential bounce
2025-07-10 17:56:13.344802: ACN: Extreme fear detected - potential bounce
2025-07-10 18:01:03.727900: AXON: Extreme fear detected - potential bounce
2025-07-10 18:01:06.366769: TECH: Extreme fear detected - potential bounce
2025-07-10 18:01:06.862913: BF-B: Extreme fear detected - potential bounce
2025-07-10 18:01:07.645851: CHTR: Extreme fear detected - potential bounce
2025-07-10 18:49:57.980897: BBY: Extreme fear detected - potential bounce
2025-07-10 18:49:59.447298: AES: Extreme fear detected - potential bounce
2025-07-10 18:49:59.677174: ADSK: Extreme fear detected - potential bounce
2025-07-10 18:50:00.386248: ACN: Extreme fear detected - potential bounce
2025-07-10 19:05:12.593106: AXON: Extreme fear detected - potential bounce
2025-07-10 19:22:01.186180: TECH: Extreme fear detected - potential bounce
2025-07-10 19:22:01.771543: BF-B: Extreme fear detected - potential bounce
2025-07-10 19:22:02.631911: CHTR: Extreme fear detected - potential bounce
2025-07-11 00:19:04.157129: AXON: Extreme fear detected - potential bounce
2025-07-11 00:19:04.369788: AES: Extreme fear detected - potential bounce
2025-07-11 00:19:04.536847: TECH: Extreme fear detected - potential bounce
2025-07-11 00:19:06.204171: ADSK: Extreme fear detected - potential bounce
2025-07-11 00:19:06.882249: BBY: Extreme fear detected - potential bounce
2025-07-11 00:19:07.861387: CHTR: Extreme fear detected - potential bounce
2025-07-11 00:19:09.175791: BF-B: Extreme fear detected - potential bounce
2025-07-11 00:19:10.410106: ACN: Extreme fear detected - potential bounce
2025-07-11 00:22:23.537364: ACN: Extreme fear detected - potential bounce
2025-07-11 00:22:23.815316: AXON: Extreme fear detected - potential bounce
2025-07-11 00:22:24.054963: BBY: Extreme fear detected - potential bounce
2025-07-11 00:22:24.650621: TECH: Extreme fear detected - potential bounce
2025-07-11 00:22:26.281580: CHTR: Extreme fear detected - potential bounce
2025-07-11 00:22:26.932637: AES: Extreme fear detected - potential bounce
2025-07-11 00:22:28.783275: ADSK: Extreme fear detected - potential bounce
2025-07-11 00:22:30.801783: BF-B: Extreme fear detected - potential bounce
